<?xml version="1.0" encoding="UTF-8"?>
<!-- Generated by org.testng.reporters.JUnitReportReporter -->
<testsuite hostname="Anurag_Kashyap" failures="0" tests="3" name="runner.Test1" time="25.083" errors="0" timestamp="2023-09-04T13:16:42 IST" skipped="0">
  <testcase classname="runner.Test1" name="runner1" time="15.057"/>
  <system-out>
    <![CDATA[Mon Sep 04 13:16:22 IST 2023 : runner1 executed.]]>
  </system-out>
  <testcase classname="runner.Test1" name="runner2" time="10.015"/>
  <system-out>
    <![CDATA[Mon Sep 04 13:16:32 IST 2023 : runner2 executed.]]>
  </system-out>
  <testcase classname="runner.Test1" name="runner3" time="0.011"/>
  <system-out>
    <![CDATA[Mon Sep 04 13:16:42 IST 2023 : runner3 executed.]]>
  </system-out>
</testsuite> <!-- runner.Test1 -->
